;IR code
;LABEL F
;LINK
;STOREI 2 $T1
;LEI $P1 $T1 label_1
;STOREI 1 $T2
;SUBI $P1 $T2 $T3
;PUSH
;PUSH $T3
;JSR F
;POP
;POP $T4
;STOREI $T4 $L2
;STOREI 2 $T6
;SUBI $P1 $T6 $T7
;PUSH
;PUSH $T7
;JSR F
;POP
;POP $T8
;STOREI $T8 $L1
;ADDI $L2 $L1 $T10
;STOREI $T10 $T11
;STOREI $T11 $R
;RET
;LABEL label_1
;STOREI 0 $T12
;NEI $P1 $T12 label_3
;STOREI 0 $T13
;STOREI $T13 $T14
;STOREI $T14 $R
;RET
;JUMP label_4
;LABEL label_3
;STOREI 1 $T15
;STOREI $T15 $T16
;STOREI $T16 $R
;RET
;LABEL label_4
;LABEL main
;LINK
;STOREI 0 $T1
;STOREI $T1 $L3
;WRITES input
;READI $L2
;LABEL label_6
;EQI $L3 $L2 label_5
;PUSH
;PUSH $L3
;JSR F
;POP
;POP $T2
;STOREI $T2 $L1
;WRITEI $L3
;WRITES space
;WRITEI $L1
;WRITES eol
;STOREI 1 $T4
;ADDI $L3 $T4 $T5
;STOREI $T5 $L3
;JUMP label_6
;LABEL label_5
;STOREI 0 $T6
;STOREI $T6 $T7
;STOREI $T7 $R
;RET
;tiny code
str input "Please input an integer number: "
str space " "
str eol "\n"
push
push r0
push r1
push r2
push r3
push r4
push r5
push r6
push r7
push r8
push r9
push r10
push r11
push r12
push r13
push r14
push r15
push r16
push r17
push r18
push r19
push r20
push r21
push r22
jsr main
sys halt
label F
link 3
move 2 r0
cmpi $25 r0
jle label_1
move 1 r1
move $25 r2
subi r1 r2
push
push r2
push r0
push r1
push r2
push r3
push r4
push r5
push r6
push r7
push r8
push r9
push r10
push r11
push r12
push r13
push r14
push r15
push r16
push r17
push r18
push r19
push r20
push r21
push r22
jsr F
pop r22
pop r21
pop r20
pop r19
pop r18
pop r17
pop r16
pop r15
pop r14
pop r13
pop r12
pop r11
pop r10
pop r9
pop r8
pop r7
pop r6
pop r5
pop r4
pop r3
pop r2
pop r1
pop
pop r3
move r3 $-2
move 2 r5
move $25 r6
subi r5 r6
push
push r6
push r0
push r1
push r2
push r3
push r4
push r5
push r6
push r7
push r8
push r9
push r10
push r11
push r12
push r13
push r14
push r15
push r16
push r17
push r18
push r19
push r20
push r21
push r22
jsr F
pop r22
pop r21
pop r20
pop r19
pop r18
pop r17
pop r16
pop r15
pop r14
pop r13
pop r12
pop r11
pop r10
pop r9
pop r8
pop r7
pop r6
pop r5
pop r4
pop r3
pop r2
pop r1
pop
pop r7
move r7 $-1
move $-2 r9
addi $-1 r9
move r9 r10
move r10 $25
unlnk
ret
label label_1
move 0 r11
cmpi $25 r11
jne label_3
move 0 r12
move r12 r13
move r13 $25
unlnk
ret
jmp label_4
label label_3
move 1 r14
move r14 r15
move r15 $25
unlnk
ret
label label_4
label main
link 4
move 0 r0
move r0 $-3
sys writes input
sys readi $-2
label label_6
move $-2 r1
cmpi $-3 r1
jeq label_5
push
push $-3
push r0
push r1
push r2
push r3
push r4
push r5
push r6
push r7
push r8
push r9
push r10
push r11
push r12
push r13
push r14
push r15
push r16
push r17
push r18
push r19
push r20
push r21
push r22
jsr F
pop r22
pop r21
pop r20
pop r19
pop r18
pop r17
pop r16
pop r15
pop r14
pop r13
pop r12
pop r11
pop r10
pop r9
pop r8
pop r7
pop r6
pop r5
pop r4
pop r3
pop r2
pop r1
pop
pop r1
move r1 $-1
sys writei $-3
sys writes space
sys writei $-1
sys writes eol
move 1 r3
move $-3 r4
addi r3 r4
move r4 $-3
jmp label_6
label label_5
move 0 r5
move r5 r6
move r6 $24
unlnk
ret
