;IR code
;STOREI 1 $T1
;STOREI $T1 a
;STOREI 1 $T2
;STOREI $T2 b
;LABEL label2
;STOREI 80 $T3
;GTI a $T3 label1
;STOREI 1 $T4
;NEI b $T4 label3
;STOREI 1 $T5
;MULTI $T5 a $T6
;STOREI $T6 g
;WRITEI g
;WRITES newline
;LABEL label3
;STOREI 2 $T7
;NEI b $T7 label5
;STOREI 2 $T8
;MULTI $T8 a $T9
;STOREI $T9 p
;WRITEI p
;WRITES newline
;LABEL label5
;STOREI 3 $T10
;NEI b $T10 label7
;STOREI 3 $T11
;MULTI $T11 a $T12
;STOREI $T12 k
;WRITEI k
;WRITES newline
;JUMP label8
;LABEL label7
;STOREI 4 $T13
;MULTI $T13 a $T14
;STOREI $T14 u
;WRITEI u
;WRITES newline
;LABEL label8
;STOREI 1 $T15
;ADDI b $T15 $T16
;STOREI $T16 b
;STOREI 20 $T17
;ADDI a $T17 $T18
;STOREI $T18 a
;JUMP label2
;LABEL label1
;tiny code
var a
var b
var k
var g
var p
var u
str newline "\n"
move 1 r0
move r0 a
move 1 r1
move r1 b
label  label2
move 80 r2
cmpi a r2
jgt  label1
move 1 r3
cmpi b r3
jne  label3
move 1 r4
move r4 r5
muli a r5
move r5 g
sys writei g
sys writes newline
label  label3
move 2 r6
cmpi b r6
jne  label5
move 2 r7
move r7 r8
muli a r8
move r8 p
sys writei p
sys writes newline
label  label5
move 3 r9
cmpi b r9
jne  label7
move 3 r10
move r10 r11
muli a r11
move r11 k
sys writei k
sys writes newline
jmp  label8
label  label7
move 4 r12
move r12 r13
muli a r13
move r13 u
sys writei u
sys writes newline
label  label8
move 1 r14
move b r15
addi r14 r15
move r15 b
move 20 r16
move a r17
addi r16 r17
move r17 a
jmp  label2
label  label1
sys halt
