;IR code
;STOREF 0.0001 $T1
;STOREF $T1 tolerance
;STOREF 7.0 $T2
;STOREF $T2 num
;STOREF num approx
;STOREI 0 $T3
;STOREI $T3 count
;STOREF 0.0 $T4
;STOREF $T4 diff
;STOREI 0 $T5
;STOREI $T5 enough
;LABEL label2
;STOREI 1 $T6
;EQI enough $T6 label1
;STOREI 1 $T7
;ADDI count $T7 $T8
;STOREI $T8 count
;STOREF 0.5 $T9
;DIVF num approx $T10
;ADDF approx $T10 $T11
;MULTF $T9 $T11 $T12
;STOREF $T12 newapprox
;SUBF approx newapprox $T13
;STOREF $T13 diff
;STOREF 0.0 $T14
;LEF diff $T14 label3
;GEF diff tolerance label5
;STOREI 1 $T15
;STOREI $T15 enough
;LABEL label5
;JUMP label4
;LABEL label3
;STOREF 0.0 $T16
;SUBF $T16 tolerance $T17
;LEF diff $T17 label7
;STOREI 1 $T18
;STOREI $T18 enough
;LABEL label7
;LABEL label4
;STOREF newapprox approx
;JUMP label2
;LABEL label1
;WRITEF approx
;WRITEI count
;tiny code
var count
var enough
var newapprox
var approx
var num
var tolerance
var diff
move 0.0001 r0
move r0 tolerance
move 7.0 r1
move r1 num
move num r2
move r2 approx
move 0 r2
move r2 count
move 0.0 r3
move r3 diff
move 0 r4
move r4 enough
label  label2
move 1 r5
cmpi enough r5
jeq  label1
move 1 r6
move count r7
addi r6 r7
move r7 count
move 0.5 r8
move num r9
divr approx r9
move approx r10
addr r9 r10
move r8 r11
mulr r10 r11
move r11 newapprox
move approx r12
subr newapprox r12
move r12 diff
move 0.0 r13
cmpr diff r13
jle  label3
move tolerance r14
cmpr diff r14
jge  label5
move 1 r14
move r14 enough
label  label5
jmp  label4
label  label3
move 0.0 r15
move r15 r16
subr tolerance r16
cmpr diff r16
jle  label7
move 1 r17
move r17 enough
label  label7
label  label4
move newapprox r18
move r18 approx
jmp  label2
label  label1
sys writer approx
sys writei count
sys halt
