;IR code
;STOREF 7.0 $T1
;STOREF $T1 num
;STOREI 100 $T2
;STOREI $T2 i
;STOREI 1 $T3
;STOREI $T3 j
;STOREF num approx
;LABEL label2
;STOREI 0 $T4
;EQI i $T4 label1
;STOREF 0.5 $T5
;DIVF num approx $T6
;ADDF approx $T6 $T7
;MULTF $T5 $T7 $T8
;STOREF $T8 newapprox
;STOREF newapprox approx
;STOREI 1 $T9
;SUBI i $T9 $T10
;STOREI $T10 i
;JUMP label2
;LABEL label1
;WRITEF approx
;tiny code
var i
var j
var newapprox
var approx
var num
move 7.0 r0
move r0 num
move 100 r1
move r1 i
move 1 r2
move r2 j
move num r3
move r3 approx
label  label2
move 0 r3
cmpi i r3
jeq  label1
move 0.5 r4
move num r5
divr approx r5
move approx r6
addr r5 r6
move r4 r7
mulr r6 r7
move r7 newapprox
move newapprox r8
move r8 approx
move 1 r8
move i r9
subi r8 r9
move r9 i
jmp  label2
label  label1
sys writer approx
sys halt
