;IR code
;LABEL main
;LINK
;STOREF 7.0 $T1
;STOREF $T1 num
;STOREI 3 $T2
;STOREI $T2 i
;STOREI 1 $T3
;STOREI $T3 j
;STOREF num approx
;LABEL label_2
;STOREI 0 $T4
;LTI j $T4 label_1
;STOREF 0.5 $T5
;DIVF num approx $T6
;ADDF approx $T6 $T7
;MULTF $T5 $T7 $T8
;STOREF $T8 newapprox
;STOREF newapprox approx
;STOREI 1 $T9
;SUBI i $T9 $T10
;STOREI $T10 i
;STOREI 0 $T11
;NEI i $T11 label_3
;JUMP label_1
;LABEL label_3
;JUMP label_2
;LABEL label_1
;WRITEF approx
;RET
;tiny code
var i
var j
var newapprox
var approx
var num
push
push r0
push r1
push r2
push r3
jsr main
sys halt
label main
link 100
move 7.0 r0
move r0 num
move 3 r0
move r0 i
move 1 r0
move r0 j
move num r0
move r0 approx
label label_2
move 0 r1
cmpi j r1
jlt label_1
move 0.5 r1
move num r2
divr approx r2
move approx r3
addr r2 r3
move r1 r2
mulr r3 r2
move r2 newapprox
move newapprox r1
move r1 approx
move 1 r2
move i r3
subi r2 r3
move r3 i
move 0 r2
cmpi i r2
jne label_3
jmp label_1
label label_3
jmp label_2
label label_1
sys writer approx
unlnk
ret
