;IR code
;LABEL main
;LINK
;STOREF 0.0001 $T1
;STOREF $T1 tolerance
;STOREF 7.0 $T2
;STOREF $T2 num
;STOREF num approx
;STOREI 0 $T3
;STOREI $T3 count
;STOREF 0.0 $T4
;STOREF $T4 diff
;STOREI 0 $T5
;STOREI $T5 enough
;LABEL label_2
;STOREI 1 $T6
;EQI enough $T6 label_1
;STOREI 1 $T7
;ADDI count $T7 $T8
;STOREI $T8 count
;STOREF 0.5 $T9
;DIVF num approx $T10
;ADDF approx $T10 $T11
;MULTF $T9 $T11 $T12
;STOREF $T12 newapprox
;SUBF approx newapprox $T13
;STOREF $T13 diff
;STOREF 0.0 $T14
;LEF diff $T14 label_3
;GEF diff tolerance label_5
;STOREI 1 $T15
;STOREI $T15 enough
;LABEL label_5
;JUMP label_4
;LABEL label_3
;STOREF 0.0 $T16
;SUBF $T16 tolerance $T17
;LEF diff $T17 label_7
;STOREI 1 $T18
;STOREI $T18 enough
;LABEL label_7
;LABEL label_4
;STOREF newapprox approx
;JUMP label_2
;LABEL label_1
;WRITEF approx
;WRITEI count
;RET
;tiny code
var count
var enough
var newapprox
var approx
var num
var tolerance
var diff
push
push r0
push r1
push r2
push r3
jsr main
sys halt
label main
link 100
move 0.0001 r0
move r0 tolerance
move 7.0 r0
move r0 num
move num r0
move r0 approx
move 0 r1
move r1 count
move 0.0 r1
move r1 diff
move 0 r1
move r1 enough
label label_2
move 1 r1
cmpi enough r1
jeq label_1
move 1 r1
move count r2
addi r1 r2
move r2 count
move 0.5 r1
move num r2
divr approx r2
move approx r3
addr r2 r3
move r1 r2
mulr r3 r2
move r2 newapprox
move approx r1
subr newapprox r1
move r1 diff
move 0.0 r1
cmpr diff r1
jle label_3
move tolerance r1
cmpr diff r1
jge label_5
move 1 r2
move r2 enough
label label_5
jmp label_4
label label_3
move 0.0 r2
move r2 r3
subr tolerance r3
cmpr diff r3
jle label_7
move 1 r2
move r2 enough
label label_7
label label_4
move newapprox r2
move r2 approx
jmp label_2
label label_1
sys writer approx
sys writei count
unlnk
ret
