;IR code
;LABEL F
;LINK
;STOREI 2 $T1
;LEI $P1 $T1 label_1
;STOREI 1 $T2
;SUBI $P1 $T2 $T3
;PUSH
;PUSH $T3
;JSR F
;POP
;POP $T4
;STOREI $T4 $L2
;STOREI 2 $T6
;SUBI $P1 $T6 $T7
;PUSH
;PUSH $T7
;JSR F
;POP
;POP $T8
;STOREI $T8 $L1
;ADDI $L2 $L1 $T10
;STOREI $T10 $T11
;STOREI $T11 $R
;RET
;LABEL label_1
;STOREI 0 $T12
;NEI $P1 $T12 label_3
;STOREI 0 $T13
;STOREI $T13 $T14
;STOREI $T14 $R
;RET
;JUMP label_4
;LABEL label_3
;STOREI 1 $T15
;STOREI $T15 $T16
;STOREI $T16 $R
;RET
;LABEL label_4
;RET
;LABEL main
;LINK
;STOREI 0 $T1
;STOREI $T1 $L3
;WRITES input
;READI $L2
;LABEL label_6
;EQI $L3 $L2 label_5
;PUSH
;PUSH $L3
;JSR F
;POP
;POP $T2
;STOREI $T2 $L1
;WRITEI $L3
;WRITES space
;WRITEI $L1
;WRITES eol
;STOREI 1 $T4
;ADDI $L3 $T4 $T5
;STOREI $T5 $L3
;JUMP label_6
;LABEL label_5
;STOREI 0 $T6
;STOREI $T6 $T7
;STOREI $T7 $R
;RET
;tiny code
str input "Please input an integer number: "
str space " "
str eol "\n"
push
push r0
push r1
push r2
push r3
jsr main
sys halt
label F
link 100
move 2 r0
cmpi $6 r0
jle label_1
move 1 r0
move $6 r1
subi r0 r1
push
push r1
push r0
push r1
push r2
push r3
jsr F
pop r3
pop r2
pop r1
pop r0
pop
move $-6 r0
pop r0
move r0 $-2
move 2 r0
move $6 r2
subi r0 r2
push
push r2
push r0
push r1
push r2
push r3
jsr F
pop r3
pop r2
pop r1
pop r0
pop
move $-10 r0
pop r0
move r0 $-1
move $-2 r0
addi $-1 r0
move r0 r3
move r3 $7
unlnk
ret
label label_1
move 0 r0
cmpi $6 r0
jne label_3
move 0 r0
move r0 r3
move r3 $7
unlnk
ret
jmp label_4
label label_3
move 1 r0
move r0 r3
move r3 $7
unlnk
ret
label label_4
unlnk
ret
label main
link 100
move 0 r0
move r0 $-3
sys writes input
sys readi $-2
label label_6
move $-2 r0
cmpi $-3 r0
jeq label_5
push
push $-3
push r0
push r1
push r2
push r3
jsr F
pop r3
pop r2
pop r1
pop r0
pop
move $-5 r0
pop r0
move r0 $-1
sys writei $-3
sys writes space
sys writei $-1
sys writes eol
move 1 r1
move $-3 r2
addi r1 r2
move r2 $-3
jmp label_6
label label_5
move 0 r1
move r1 r2
move r2 $6
unlnk
ret
