;IR code
;LABEL main
;LINK
;STOREI 7 $T1
;STOREI $T1 num
;STOREI 2 $T2
;STOREI $T2 i
;STOREI 42 $T3
;STOREI $T3 a
;STOREI 5 $T4
;GEI i $T4 label_1
;ADDI num a $T5
;STOREI $T5 num
;STOREI 3 $T6
;GEI i $T6 label_3
;ADDI num a $T7
;STOREI $T7 num
;LABEL label_3
;JUMP label_2
;LABEL label_1
;SUBI num a $T8
;STOREI $T8 num
;LABEL label_2
;WRITEI num
;RET
;tiny code
var i
var a
var num
push
push r0
push r1
push r2
push r3
jsr main
sys halt
label main
link 100
move 7 r0
move r0 num
move 2 r0
move r0 i
move 42 r0
move r0 a
move 5 r0
cmpi i r0
jge label_1
move num r0
addi a r0
move r0 num
move 3 r0
cmpi i r0
jge label_3
move num r0
addi a r0
move r0 num
label label_3
jmp label_2
label label_1
move num r0
subi a r0
move r0 num
label label_2
sys writei num
unlnk
ret
