;IR code
;LABEL F
;LINK 
;MULTF $P1 $P1 $T1
;STOREI 8 $T2
;MULTI $T2 $P1 $T3
;MULTI $T3 $P1 $T4
;MULTI $T4 $P1 $T5
;STOREI 9 $T6
;MULTI $T6 $P1 $T7
;STOREI 5 $T8
;ADDF $T1 $T5 $T9
;ADDF $T9 $T7 $T10
;ADDF $T10 $T8 $T11
;STOREF $T11 $T12
;STOREF $T12 $R
;RET
;LABEL iapprox
;LINK 
;DIVF $P2 $P1 $T1
;STOREF $T1 $L3
;STOREI 0 $T2
;STOREF $T2 $L2
;STOREI 1 $T3
;STOREF $T3 $L1
;WRITES dxis
;WRITEF $L3
;WRITES eol
;LABEL label1
;GEF $L1 $P1 label2
;MULTF $L1 $L3 $T4
;ADDF $T4 $P3 $T5
;PUSH 
;PUSH $T5
;JSR F
;POP 
;POP $T6
;MULTF $T6 $L3 $T7
;ADDF $L2 $T7 $T8
;STOREF $T8 $L2
;STOREI 1 $T9
;ADDF $L1 $T9 $T10
;STOREF $T10 $L1
;JUMP label1
;LABEL label2
;WRITES eol
;STOREF $L2 $T11
;STOREF $T11 $R
;RET
;LABEL main
;LINK 
;WRITES intro
;WRITES eol
;WRITES ins2
;READF $L2
;WRITES ins3
;READF $L3
;WRITES ins
;READF $L4
;SUBF $L3 $L2 $T1
;PUSH 
;PUSH $L4
;PUSH $T1
;PUSH $L2
;PUSH $L3
;JSR iapprox
;POP 
;POP 
;POP 
;POP 
;POP $T2
;STOREF $T2 $L1
;WRITEF $L1
;STOREI 0 $T3
;STOREI $T3 $T4
;STOREI $T4 $R
;RET
;tiny code
str dxis "dx = "
str eol "\n"
str intro "Integrating f(x) = 8x^3 + x^2 + 9x + 5"
str ins "Enter number of partitions to use to approximate: "
str ins2 "Integration range from x= "
str ins3 "to x= "
push
push r0
push r1
push r2
push r3
jsr main
sys halt
label F 
link 12
move $6 r0
move $-1 r1
move r0 r1
mulr r0 r1
move $-2 r2
move 8 r2
move $-3 r3
move r2 r3
muli r0 r3
move $-4 r2
move r3 r2
muli r0 r2
move $-5 r3
move r2 r3
muli r0 r3
move $-6 r2
move 9 r2
move r1 $-1
move $-7 r1
move r2 r1
muli r0 r1
move $-8 r0
move 5 r0
move $-1 r2
move r0 $-8
move $-9 r0
move r2 r0
addr r3 r0
move $-10 r2
move r0 r2
addr r1 r2
move $-11 r0
move r2 r0
move $-8 r1
addr r1 r0
move $-12 r1
move r0 r1
move r1 $7
unlnk
ret
label iapprox 
link 15
move $8 r0
move $-4 r1
move r0 r1
move $9 r2
divr r2 r1
move $-3 r0
move r1 r0
move $-5 r1
move 0 r1
move $-2 r3
move r1 r3
move $-6 r1
move 1 r1
move r0 $-3
move $-1 r0
move r1 r0
sys writes dxis
move $-3 r1
sys writer r1 
sys writes eol
move r0 $-1
move r1 $-3
move r2 $9
move r3 $-2
label label1 
move $-1 r0
move $9 r1
cmpr r0 r1
move r0 $-1
move r1 $9
jge label2
move $-1 r0
move $-7 r1
move r0 r1
move $-3 r2
mulr r2 r1
move $-8 r3
move r1 r3
move r0 $-1
move $7 r0
addr r0 r3
push
push r3
push r0
push r1
push r2
push r3
jsr F
pop r3
pop r2
pop r1
pop r0
pop
move $-9 r1
pop r1
move $-10 r3
move r1 r3
mulr r2 r3
move $-2 r1
move r0 $7
move $-11 r0
move r1 r0
addr r3 r0
move $-2 r1
move r0 r1
move $-12 r0
move 1 r0
move $-1 r3
move r1 $-2
move $-13 r1
move r3 r1
addr r0 r1
move $-1 r0
move r1 r0
move r0 $-1
move r2 $-3
jmp label1 
label label2 
sys writes eol
move $-2 r0
move $-14 r1
move r0 r1
move r1 $10
unlnk
ret
label main 
link 16
sys writes intro
sys writes eol
sys writes ins2
move $-2 r0
sys readr r0 
sys writes ins3
move $-3 r1
sys readr r1 
sys writes ins
move $-4 r2
sys readr r2 
move $-5 r3
move r1 r3
subr r0 r3
push
push r2
push r3
push r0
push r1
push r0
push r1
push r2
push r3
jsr iapprox
pop r3
pop r2
pop r1
pop r0
pop
pop
pop
pop
move $-6 r0
pop r0
move $-1 r1
move r0 r1
sys writer r1 
move $-7 r0
move 0 r0
move $-8 r1
move r0 r1
move r1 $6
unlnk
ret
end
